<?xml version="1.0" encoding="UTF-8"?>
<testng-results ignored="0" total="7" passed="7" failed="0" skipped="0">
  <reporter-output>
  </reporter-output>
  <suite started-at="2025-05-02T18:32:06 IST" name="Test Suite for Buildout" finished-at="2025-05-02T18:33:26 IST" duration-ms="79519">
    <groups>
    </groups>
    <test started-at="2025-05-02T18:32:06 IST" name="Test Cases for Buildout" finished-at="2025-05-02T18:33:26 IST" duration-ms="79519">
      <class name="testcases.TestCases">
        <test-method is-config="true" signature="startBrowser()[pri:0, instance:testcases.TestCases@43015c69]" started-at="2025-05-02T18:32:06 IST" name="startBrowser" finished-at="2025-05-02T18:32:09 IST" duration-ms="2663" status="PASS">
          <reporter-output>
          </reporter-output>
        </test-method> <!-- startBrowser -->
        <test-method signature="testCase01()[pri:0, instance:testcases.TestCases@43015c69]" started-at="2025-05-02T18:32:09 IST" name="testCase01" finished-at="2025-05-02T18:32:23 IST" duration-ms="13914" status="PASS">
          <reporter-output>
          </reporter-output>
        </test-method> <!-- testCase01 -->
        <test-method signature="testCase02()[pri:0, instance:testcases.TestCases@43015c69]" started-at="2025-05-02T18:32:23 IST" name="testCase02" finished-at="2025-05-02T18:32:33 IST" duration-ms="10557" status="PASS">
          <reporter-output>
          </reporter-output>
        </test-method> <!-- testCase02 -->
        <test-method signature="testCase03()[pri:0, instance:testcases.TestCases@43015c69]" started-at="2025-05-02T18:32:33 IST" name="testCase03" finished-at="2025-05-02T18:32:42 IST" duration-ms="8240" status="PASS">
          <reporter-output>
          </reporter-output>
        </test-method> <!-- testCase03 -->
        <test-method signature="testCase04()[pri:0, instance:testcases.TestCases@43015c69]" started-at="2025-05-02T18:32:42 IST" name="testCase04" finished-at="2025-05-02T18:32:56 IST" duration-ms="14666" status="PASS">
          <reporter-output>
          </reporter-output>
        </test-method> <!-- testCase04 -->
        <test-method signature="testCase05(java.lang.String)[pri:0, instance:testcases.TestCases@43015c69]" started-at="2025-05-02T18:32:58 IST" name="testCase05" data-provider="excelData" finished-at="2025-05-02T18:33:12 IST" duration-ms="13558" status="PASS">
          <params>
            <param index="0">
              <value>
                <![CDATA[Movies]]>
              </value>
            </param>
          </params>
          <reporter-output>
          </reporter-output>
        </test-method> <!-- testCase05 -->
        <test-method signature="testCase05(java.lang.String)[pri:0, instance:testcases.TestCases@43015c69]" started-at="2025-05-02T18:33:12 IST" name="testCase05" data-provider="excelData" finished-at="2025-05-02T18:33:18 IST" duration-ms="6405" status="PASS">
          <params>
            <param index="0">
              <value>
                <![CDATA[Music]]>
              </value>
            </param>
          </params>
          <reporter-output>
          </reporter-output>
        </test-method> <!-- testCase05 -->
        <test-method signature="testCase05(java.lang.String)[pri:0, instance:testcases.TestCases@43015c69]" started-at="2025-05-02T18:33:18 IST" name="testCase05" data-provider="excelData" finished-at="2025-05-02T18:33:25 IST" duration-ms="6601" status="PASS">
          <params>
            <param index="0">
              <value>
                <![CDATA[Games]]>
              </value>
            </param>
          </params>
          <reporter-output>
          </reporter-output>
        </test-method> <!-- testCase05 -->
        <test-method is-config="true" signature="endTest()[pri:0, instance:testcases.TestCases@43015c69]" started-at="2025-05-02T18:33:25 IST" name="endTest" finished-at="2025-05-02T18:33:26 IST" duration-ms="1064" status="PASS">
          <reporter-output>
          </reporter-output>
        </test-method> <!-- endTest -->
      </class> <!-- testcases.TestCases -->
    </test> <!-- Test Cases for Buildout -->
  </suite> <!-- Test Suite for Buildout -->
</testng-results>
